#
# There is insufficient memory for the Java Runtime Environment to continue.
# Native memory allocation (malloc) failed to allocate 32744 bytes for ChunkPool::allocate
# Possible reasons:
#   The system is out of physical RAM or swap space
#   In 32 bit mode, the process size limit was hit
# Possible solutions:
#   Reduce memory load on the system
#   Increase physical memory or swap space
#   Check if swap backing store is full
#   Use 64 bit Java on a 64 bit OS
#   Decrease Java heap size (-Xmx/-Xms)
#   Decrease number of Java threads
#   Decrease Java thread stack sizes (-Xss)
#   Set larger code cache with -XX:ReservedCodeCacheSize=
# This output file may be truncated or incomplete.
#
#  Out of Memory Error (allocation.cpp:273), pid=13104, tid=3588
#
# JRE version: Java(TM) SE Runtime Environment (8.0_20-b26) (build 1.8.0_20-b26)
# Java VM: Java HotSpot(TM) 64-Bit Server VM (25.20-b23 mixed mode windows-amd64 compressed oops)
# Failed to write core dump. Minidumps are not enabled by default on client versions of Windows
#

---------------  T H R E A D  ---------------

Current thread (0x000000001a083000):  JavaThread "C1 CompilerThread3" daemon [_thread_in_native, id=3588, stack(0x000000001a940000,0x000000001aa40000)]

Stack: [0x000000001a940000,0x000000001aa40000]
[error occurred during error reporting (printing stack bounds), id 0xc0000005]

Native frames: (J=compiled Java code, j=interpreted, Vv=VM code, C=native code)
V  [jvm.dll+0x3152fa]
V  [jvm.dll+0x265d03]
V  [jvm.dll+0x266943]
V  [jvm.dll+0x27f586]
V  [jvm.dll+0x28311c]
V  [jvm.dll+0x5ad52f]
C  [msvcr100.dll+0x712e3]
V  [jvm.dll+0x5acc2d]
C  [ntdll.dll+0xa11cf]
C  [ntdll.dll+0x6a209]
C  [ntdll.dll+0x9fe3e]
V  [jvm.dll+0x205611]


Current CompileTask:
C1:   1280   84  s!   3       sun.misc.URLClassPath::getLoader (154 bytes)


---------------  P R O C E S S  ---------------

Java Threads: ( => current thread )
  0x000000001a1d2800 JavaThread "ReaderThread" [_thread_in_native, id=4364, stack(0x000000001ac40000,0x000000001ad40000)]
  0x000000001a104000 JavaThread "Service Thread" daemon [_thread_blocked, id=13988, stack(0x000000001aa40000,0x000000001ab40000)]
=>0x000000001a083000 JavaThread "C1 CompilerThread3" daemon [_thread_in_native, id=3588, stack(0x000000001a940000,0x000000001aa40000)]
  0x000000001a071800 JavaThread "C2 CompilerThread2" daemon [_thread_blocked, id=14668, stack(0x000000001a840000,0x000000001a940000)]
  0x000000001a06c800 JavaThread "C2 CompilerThread1" daemon [_thread_blocked, id=7556, stack(0x000000001a740000,0x000000001a840000)]
  0x000000001a06a800 JavaThread "C2 CompilerThread0" daemon [_thread_blocked, id=4768, stack(0x000000001a640000,0x000000001a740000)]
  0x000000001a065800 JavaThread "Attach Listener" daemon [_thread_blocked, id=5664, stack(0x000000001a540000,0x000000001a640000)]
  0x000000001a064800 JavaThread "Signal Dispatcher" daemon [_thread_blocked, id=3176, stack(0x000000001a440000,0x000000001a540000)]
  0x00000000030b7800 JavaThread "Finalizer" daemon [_thread_blocked, id=2628, stack(0x0000000019f40000,0x000000001a040000)]
  0x00000000030b1000 JavaThread "Reference Handler" daemon [_thread_blocked, id=9436, stack(0x0000000019e40000,0x0000000019f40000)]
  0x0000000002f2d800 JavaThread "main" [_thread_in_vm, id=7752, stack(0x0000000002de0000,0x0000000002ee0000)]

Other Threads:
  0x0000000018057800 VMThread [stack: 0x0000000019d40000,0x0000000019e40000] [id=5724]
  0x000000001a106000 WatcherThread [stack: 0x000000001ab40000,0x000000001ac40000] [id=1896]

VM state:not at safepoint (normal execution)

VM Mutex/Monitor currently owned by a thread: None

Heap:
 PSYoungGen      total 38400K, used 6675K [0x00000000d5d80000, 0x00000000d8800000, 0x0000000100000000)
  eden space 33280K, 20% used [0x00000000d5d80000,0x00000000d6404d00,0x00000000d7e00000)
  from space 5120K, 0% used [0x00000000d8300000,0x00000000d8300000,0x00000000d8800000)
  to   space 5120K, 0% used [0x00000000d7e00000,0x00000000d7e00000,0x00000000d8300000)
 ParOldGen       total 87552K, used 0K [0x0000000081800000, 0x0000000086d80000, 0x00000000d5d80000)
  object space 87552K, 0% used [0x0000000081800000,0x0000000081800000,0x0000000086d80000)
 Metaspace       used 4488K, capacity 5082K, committed 5248K, reserved 1056768K
  class space    used 543K, capacity 593K, committed 640K, reserved 1048576K

Card table byte_map: [0x0000000012480000,0x0000000012880000] byte_map_base: 0x0000000012074000

Marking Bits: (ParMarkBitMap*) 0x0000000052c5b460
 Begin Bits: [0x0000000013330000, 0x00000000152d0000)
 End Bits:   [0x00000000152d0000, 0x0000000017270000)

Polling page: 0x0000000001420000

CodeCache: size=245760Kb used=1248Kb max_used=1259Kb free=244511Kb
 bounds [0x00000000030c0000, 0x0000000003330000, 0x00000000120c0000]
 total_blobs=372 nmethods=95 adapters=191
 compilation: enabled

Compilation events (10 events):
Event: 1.150 Thread 0x000000001a083000 nmethod 79 0x00000000031ef590 code [0x00000000031ef700, 0x00000000031ef928]
Event: 1.150 Thread 0x000000001a083000   80       1       java.net.URL::getUserInfo (5 bytes)
Event: 1.150 Thread 0x000000001a083000 nmethod 80 0x00000000031ef9d0 code [0x00000000031efb20, 0x00000000031efc30]
Event: 1.152 Thread 0x000000001a083000   81   !   3       sun.misc.URLClassPath$JarLoader::getResource (85 bytes)
Event: 1.153 Thread 0x000000001a083000 nmethod 81 0x00000000031efc90 code [0x00000000031eff20, 0x00000000031f0e68]
Event: 1.155 Thread 0x000000001a083000   82       3       java.lang.String::<init> (10 bytes)
Event: 1.155 Thread 0x000000001a083000 nmethod 82 0x00000000031f1790 code [0x00000000031f18e0, 0x00000000031f1ab0]
Event: 1.155 Thread 0x000000001a083000   83       1       java.io.File::getPath (5 bytes)
Event: 1.155 Thread 0x000000001a083000 nmethod 83 0x00000000031f1b50 code [0x00000000031f1ca0, 0x00000000031f1db0]
Event: 1.157 Thread 0x000000001a083000   84  s!   3       sun.misc.URLClassPath::getLoader (154 bytes)

GC Heap History (0 events):
No events

Deoptimization events (0 events):
No events

Internal exceptions (10 events):
Event: 0.122 Thread 0x0000000002f2d800 Exception <a 'java/security/PrivilegedActionException'> (0x00000000d5fc7810) thrown at [D:\re\workspace\8-2-build-windows-amd64-cygwin\jdk8u20\1074\hotspot\src\share\vm\prims\jvm.cpp, line 1275]
Event: 0.123 Thread 0x0000000002f2d800 Exception <a 'java/security/PrivilegedActionException'> (0x00000000d5fcbdb0) thrown at [D:\re\workspace\8-2-build-windows-amd64-cygwin\jdk8u20\1074\hotspot\src\share\vm\prims\jvm.cpp, line 1275]
Event: 1.148 Thread 0x0000000002f2d800 Exception <a 'java/security/PrivilegedActionException'> (0x00000000d5feb9f0) thrown at [D:\re\workspace\8-2-build-windows-amd64-cygwin\jdk8u20\1074\hotspot\src\share\vm\prims\jvm.cpp, line 1275]
Event: 1.152 Thread 0x0000000002f2d800 Exception <a 'java/security/PrivilegedActionException'> (0x00000000d5ff1810) thrown at [D:\re\workspace\8-2-build-windows-amd64-cygwin\jdk8u20\1074\hotspot\src\share\vm\prims\jvm.cpp, line 1275]
Event: 1.154 Thread 0x0000000002f2d800 Exception <a 'java/security/PrivilegedActionException'> (0x00000000d5ff6af0) thrown at [D:\re\workspace\8-2-build-windows-amd64-cygwin\jdk8u20\1074\hotspot\src\share\vm\prims\jvm.cpp, line 1275]
Event: 1.157 Thread 0x0000000002f2d800 Exception <a 'java/security/PrivilegedActionException'> (0x00000000d5ff9f50) thrown at [D:\re\workspace\8-2-build-windows-amd64-cygwin\jdk8u20\1074\hotspot\src\share\vm\prims\jvm.cpp, line 1275]
Event: 1.158 Thread 0x0000000002f2d800 Exception <a 'java/security/PrivilegedActionException'> (0x00000000d6000188) thrown at [D:\re\workspace\8-2-build-windows-amd64-cygwin\jdk8u20\1074\hotspot\src\share\vm\prims\jvm.cpp, line 1275]
Event: 1.158 Thread 0x0000000002f2d800 Exception <a 'java/security/PrivilegedActionException'> (0x00000000d60033b0) thrown at [D:\re\workspace\8-2-build-windows-amd64-cygwin\jdk8u20\1074\hotspot\src\share\vm\prims\jvm.cpp, line 1275]
Event: 1.159 Thread 0x0000000002f2d800 Exception <a 'java/security/PrivilegedActionException'> (0x00000000d6006658) thrown at [D:\re\workspace\8-2-build-windows-amd64-cygwin\jdk8u20\1074\hotspot\src\share\vm\prims\jvm.cpp, line 1275]
Event: 1.160 Thread 0x0000000002f2d800 Exception <a 'java/security/PrivilegedActionException'> (0x00000000d600c610) thrown at [D:\re\workspace\8-2-build-windows-amd64-cygwin\jdk8u20\1074\hotspot\src\share\vm\prims\jvm.cpp, line 1275]

Events (10 events):
Event: 1.157 loading class org/junit/runner/Request
Event: 1.157 loading class org/junit/runner/Request done
Event: 1.158 loading class org/junit/runner/Runner
Event: 1.158 loading class org/junit/runner/Runner done
Event: 1.158 loading class org/junit/runner/Describable
Event: 1.158 loading class org/junit/runner/Describable done
Event: 1.159 loading class org/junit/internal/runners/ErrorReportingRunner
Event: 1.159 loading class org/junit/internal/runners/ErrorReportingRunner done
Event: 1.160 loading class org/junit/internal/requests/ClassRequest
Event: 1.160 loading class org/junit/internal/requests/ClassRequest done


Dynamic libraries:
0x00007ff688200000 - 0x00007ff688234000 	C:\Program Files\Java\jre1.8.0_20\bin\javaw.exe
0x00007fffa6da0000 - 0x00007fffa6f90000 	C:\WINDOWS\SYSTEM32\ntdll.dll
0x00007fff3d520000 - 0x00007fff3d533000 	C:\Program Files\AVAST Software\Avast\aswhook.dll
0x00007fffa68d0000 - 0x00007fffa6982000 	C:\WINDOWS\System32\KERNEL32.DLL
0x00007fffa3d30000 - 0x00007fffa3fd4000 	C:\WINDOWS\System32\KERNELBASE.dll
0x00007fffa5b10000 - 0x00007fffa5bb3000 	C:\WINDOWS\System32\ADVAPI32.dll
0x00007fffa6600000 - 0x00007fffa669e000 	C:\WINDOWS\System32\msvcrt.dll
0x00007fffa4e70000 - 0x00007fffa4f07000 	C:\WINDOWS\System32\sechost.dll
0x00007fffa59f0000 - 0x00007fffa5b10000 	C:\WINDOWS\System32\RPCRT4.dll
0x00007fffa5cb0000 - 0x00007fffa5e44000 	C:\WINDOWS\System32\USER32.dll
0x00007fffa43b0000 - 0x00007fffa43d1000 	C:\WINDOWS\System32\win32u.dll
0x00007fffa59b0000 - 0x00007fffa59d6000 	C:\WINDOWS\System32\GDI32.dll
0x00007fffa4cb0000 - 0x00007fffa4e44000 	C:\WINDOWS\System32\gdi32full.dll
0x00007fffa4000000 - 0x00007fffa409e000 	C:\WINDOWS\System32\msvcp_win.dll
0x00007fffa4260000 - 0x00007fffa435a000 	C:\WINDOWS\System32\ucrtbase.dll
0x00007fff8ae50000 - 0x00007fff8b0d4000 	C:\WINDOWS\WinSxS\amd64_microsoft.windows.common-controls_6595b64144ccf1df_6.0.18362.836_none_e6c4b943130f18ed\COMCTL32.dll
0x00007fffa6a20000 - 0x00007fffa6d56000 	C:\WINDOWS\System32\combase.dll
0x00007fffa41e0000 - 0x00007fffa4260000 	C:\WINDOWS\System32\bcryptPrimitives.dll
0x00007fffa69f0000 - 0x00007fffa6a1e000 	C:\WINDOWS\System32\IMM32.DLL
0x00000000522d0000 - 0x00000000523a2000 	C:\Program Files\Java\jre1.8.0_20\bin\msvcr100.dll
0x0000000052480000 - 0x0000000052cd8000 	C:\Program Files\Java\jre1.8.0_20\bin\server\jvm.dll
0x00007fffa52b0000 - 0x00007fffa52b8000 	C:\WINDOWS\System32\PSAPI.DLL
0x00007fff91d10000 - 0x00007fff91d19000 	C:\WINDOWS\SYSTEM32\WSOCK32.dll
0x00007fffa5bc0000 - 0x00007fffa5c2f000 	C:\WINDOWS\System32\WS2_32.dll
0x00007fff9f860000 - 0x00007fff9f884000 	C:\WINDOWS\SYSTEM32\WINMM.dll
0x00007fff9f7f0000 - 0x00007fff9f81d000 	C:\WINDOWS\SYSTEM32\WINMMBASE.dll
0x00007fffa4360000 - 0x00007fffa43aa000 	C:\WINDOWS\System32\cfgmgr32.dll
0x0000000052470000 - 0x000000005247f000 	C:\Program Files\Java\jre1.8.0_20\bin\verify.dll
0x0000000052440000 - 0x0000000052468000 	C:\Program Files\Java\jre1.8.0_20\bin\java.dll
0x0000000052420000 - 0x0000000052436000 	C:\Program Files\Java\jre1.8.0_20\bin\zip.dll
0x00007fffa52c0000 - 0x00007fffa59a4000 	C:\WINDOWS\System32\SHELL32.dll
0x00007fffa50c0000 - 0x00007fffa5169000 	C:\WINDOWS\System32\shcore.dll
0x00007fffa43e0000 - 0x00007fffa4b5e000 	C:\WINDOWS\System32\windows.storage.dll
0x00007fffa3d00000 - 0x00007fffa3d23000 	C:\WINDOWS\System32\profapi.dll
0x00007fffa3cb0000 - 0x00007fffa3cfa000 	C:\WINDOWS\System32\powrprof.dll
0x00007fffa3c60000 - 0x00007fffa3c70000 	C:\WINDOWS\System32\UMPDC.dll
0x00007fffa5e50000 - 0x00007fffa5ea2000 	C:\WINDOWS\System32\shlwapi.dll
0x00007fffa3c70000 - 0x00007fffa3c81000 	C:\WINDOWS\System32\kernel.appcore.dll
0x00007fffa3fe0000 - 0x00007fffa3ff7000 	C:\WINDOWS\System32\cryptsp.dll
0x0000000052400000 - 0x000000005241a000 	C:\Program Files\Java\jre1.8.0_20\bin\net.dll
0x00007fffa34d0000 - 0x00007fffa3537000 	C:\WINDOWS\system32\mswsock.dll
0x00007fffa2570000 - 0x00007fffa2764000 	C:\WINDOWS\SYSTEM32\dbghelp.dll

VM Arguments:
jvm_args: -ea -Dfile.encoding=Cp1252 
java_command: org.eclipse.jdt.internal.junit.runner.RemoteTestRunner -version 3 -port 50819 -testLoaderClass org.eclipse.jdt.internal.junit4.runner.JUnit4TestLoader -loaderpluginname org.eclipse.jdt.junit4.runtime -classNames com.learning.projectdemotdd.ProjectDemoTdd
java_class_path (initial): C:\Users\rahul\eclipse-workspace\ProjectDemo1\target\test-classes;C:\Users\rahul\eclipse-workspace\ProjectDemo1\target\classes;C:\Users\rahul\.m2\repository\junit\junit\4.12\junit-4.12.jar;C:\Users\rahul\.m2\repository\org\hamcrest\hamcrest-core\1.3\hamcrest-core-1.3.jar;C:\Users\rahul\.m2\repository\com\h2database\h2\1.4.200\h2-1.4.200.jar;C:\Users\rahul\eclipse\jee-2019-062\eclipse\configuration\org.eclipse.osgi\409\0\.cp;C:\Users\rahul\eclipse\jee-2019-062\eclipse\configuration\org.eclipse.osgi\408\0\.cp
Launcher Type: SUN_STANDARD

Environment Variables:
PATH=C:/Program Files/Java/jre1.8.0_20/bin/server;C:/Program Files/Java/jre1.8.0_20/bin;C:/Program Files/Java/jre1.8.0_20/lib/amd64;C:\ProgramData\Oracle\Java\javapath;C:\WINDOWS\system32;C:\WINDOWS;C:\WINDOWS\System32\Wbem;C:\WINDOWS\System32\WindowsPowerShell\v1.0\;C:\WINDOWS\System32\OpenSSH\;C:\Program Files\Microsoft SQL Server\110\DTS\Binn\;C:\Program Files (x86)\Microsoft SQL Server\110\Tools\Binn\;C:\Program Files\Microsoft SQL Server\110\Tools\Binn\;C:\Program Files (x86)\Microsoft SQL Server\110\Tools\Binn\ManagementStudio\;C:\Program Files (x86)\Microsoft Visual Studio 10.0\Common7\IDE\PrivateAssemblies\;C:\Program Files (x86)\Microsoft SQL Server\110\DTS\Binn\;C:\Program Files\MySQL\MySQL Server 5.5\bin;C:\Program Files\Microsoft SQL Server\Client SDK\ODBC\170\Tools\Binn\;C:\Program Files (x86)\Microsoft SQL Server\150\Tools\Binn\;C:\Program Files\Microsoft SQL Server\150\Tools\Binn\;C:\Program Files\Microsoft SQL Server\150\DTS\Binn\;C:\Program Files (x86)\Microsoft SQL Server\150\DTS\Binn\;C:\Program Files\Dart\dart-sdk\bin;C:\Users\rahul\AppData\Local\Programs\Python\Python37\Scripts\;C:\Users\rahul\AppData\Local\Programs\Python\Python37\;C:\Users\rahul\AppData\Local\Microsoft\WindowsApps;;C:\Users\rahul\AppData\Local\Programs\Microsoft VS Code\bin;C:\Users\rahul\Desktop;
USERNAME=rahul
OS=Windows_NT
PROCESSOR_IDENTIFIER=Intel64 Family 6 Model 142 Stepping 10, GenuineIntel



---------------  S Y S T E M  ---------------

OS: Windows 8.1 , 64 bit Build 9600 

CPU:total 8 (4 cores per cpu, 2 threads per core) family 6 model 142 stepping 10, cmov, cx8, fxsr, mmx, sse, sse2, sse3, ssse3, sse4.1, sse4.2, popcnt, avx, avx2, aes, clmul, erms, lzcnt, ht, tsc, tscinvbit, bmi1, bmi2

Memory: 4k page, physical 8283900k(900100k free), swap 33449724k(40k free)

vm_info: Java HotSpot(TM) 64-Bit Server VM (25.20-b23) for windows-amd64 JRE (1.8.0_20-b26), built on Jul 30 2014 13:51:23 by "java_re" with MS VC++ 10.0 (VS2010)

time: Sun May 24 23:30:46 2020
elapsed time: 1 seconds (0d 0h 0m 1s)

